<?xml version="1.0" encoding="UTF-8"?>
<!-- Generated by org.testng.reporters.JUnitXMLReporter -->
<testsuite hostname="BLRPRGGWN22980" name="WhatFix Test" tests="2" failures="1" timestamp="4 Sep 2017 11:50:18 GMT" time="313.458" errors="0">
  <testcase name="verifyLoginValidUser" time="17.364" classname="com.WhatFix.test.WhatFixverifyTest"/>
  <testcase name="verifyLoginInvalidUser" time="185.675" classname="com.WhatFix.test.WhatFixverifyTest">
    <failure type="java.lang.Exception" message="Failed to Login
 landing page is displayed::falseTimed out after 100 seconds waiting for presence of element located by: By.xpath: //div[contains(text(),&amp;apos;invalid mail address/password&amp;apos;)]
Build info: version: &amp;apos;2.53.0&amp;apos;, revision: &amp;apos;35ae25b1534ae328c771e0856c93e187490ca824&amp;apos;, time: &amp;apos;2016-03-15 10:43:46&amp;apos;
System info: host: &amp;apos;BLRPRGGWN22980&amp;apos;, ip: &amp;apos;10.140.45.103&amp;apos;, os.name: &amp;apos;Windows 7&amp;apos;, os.arch: &amp;apos;amd64&amp;apos;, os.version: &amp;apos;6.1&amp;apos;, java.version: &amp;apos;1.8.0_05&amp;apos;
Driver info: org.openqa.selenium.chrome.ChromeDriver
Capabilities [{applicationCacheEnabled=false, rotatable=false, mobileEmulationEnabled=false, networkConnectionEnabled=false, chrome={chromedriverVersion=2.28.455520 (cc17746adff54984afff480136733114c6b3704b), userDataDir=C:\Users\22980\AppData\Local\Temp\scoped_dir6204_23275}, takesHeapSnapshot=true, pageLoadStrategy=normal, databaseEnabled=false, handlesAlerts=true, hasTouchScreen=false, version=60.0.3112.113, platform=XP, browserConnectionEnabled=false, nativeEvents=true, acceptSslCerts=true, locationContextEnabled=true, webStorageEnabled=true, browserName=chrome, takesScreenshot=true, javascriptEnabled=true, cssSelectorsEnabled=true, unexpectedAlertBehaviour=}]
Session ID: c16238d6d83c4dae08d573d0b7402905">
      <![CDATA[java.lang.Exception: Failed to Login
 landing page is displayed::falseTimed out after 100 seconds waiting for presence of element located by: By.xpath: //div[contains(text(),'invalid mail address/password')]
Build info: version: '2.53.0', revision: '35ae25b1534ae328c771e0856c93e187490ca824', time: '2016-03-15 10:43:46'
System info: host: 'BLRPRGGWN22980', ip: '10.140.45.103', os.name: 'Windows 7', os.arch: 'amd64', os.version: '6.1', java.version: '1.8.0_05'
Driver info: org.openqa.selenium.chrome.ChromeDriver
Capabilities [{applicationCacheEnabled=false, rotatable=false, mobileEmulationEnabled=false, networkConnectionEnabled=false, chrome={chromedriverVersion=2.28.455520 (cc17746adff54984afff480136733114c6b3704b), userDataDir=C:\Users\22980\AppData\Local\Temp\scoped_dir6204_23275}, takesHeapSnapshot=true, pageLoadStrategy=normal, databaseEnabled=false, handlesAlerts=true, hasTouchScreen=false, version=60.0.3112.113, platform=XP, browserConnectionEnabled=false, nativeEvents=true, acceptSslCerts=true, locationContextEnabled=true, webStorageEnabled=true, browserName=chrome, takesScreenshot=true, javascriptEnabled=true, cssSelectorsEnabled=true, unexpectedAlertBehaviour=}]
Session ID: c16238d6d83c4dae08d573d0b7402905
	at com.WhatFix.test.WhatFixverifyTest.verifyLoginInvalidUser(WhatFixverifyTest.java:53)
... Removed 24 stack frames]]>
    </failure>
  </testcase> <!-- verifyLoginInvalidUser -->
</testsuite> <!-- WhatFix Test -->
