<?xml version="1.0" encoding="UTF-8"?>
<testng-results skipped="0" failed="1" total="2" passed="1">
  <reporter-output>
    <line>
      <![CDATA[There was an issue in finding the webelement, class org.openqa.selenium.By$ByIdno such element: Unable to locate element: {"method":"id","selector":"plus_flow"}
  (Session info: chrome=60.0.3112.113)
  (Driver info: chromedriver=2.28.455520 (cc17746adff54984afff480136733114c6b3704b),platform=Windows NT 6.1.7601 SP1 x86_64) (WARNING: The server did not provide any stacktrace information)
Command duration or timeout: 30.09 seconds
For documentation on this error, please visit: http://seleniumhq.org/exceptions/no_such_element.html
Build info: version: '2.53.0', revision: '35ae25b1534ae328c771e0856c93e187490ca824', time: '2016-03-15 10:43:46'
System info: host: 'BLRPRGGWN22980', ip: '10.140.45.103', os.name: 'Windows 7', os.arch: 'amd64', os.version: '6.1', java.version: '1.8.0_05'
Driver info: org.openqa.selenium.chrome.ChromeDriver
Capabilities [{applicationCacheEnabled=false, rotatable=false, mobileEmulationEnabled=false, networkConnectionEnabled=false, chrome={chromedriverVersion=2.28.455520 (cc17746adff54984afff480136733114c6b3704b), userDataDir=C:\Users\22980\AppData\Local\Temp\scoped_dir6204_23275}, takesHeapSnapshot=true, pageLoadStrategy=normal, databaseEnabled=false, handlesAlerts=true, hasTouchScreen=false, version=60.0.3112.113, platform=XP, browserConnectionEnabled=false, nativeEvents=true, acceptSslCerts=true, locationContextEnabled=true, webStorageEnabled=true, browserName=chrome, takesScreenshot=true, javascriptEnabled=true, cssSelectorsEnabled=true, unexpectedAlertBehaviour=}]
Session ID: c16238d6d83c4dae08d573d0b7402905
*** Element info: {Using=id, value=plus_flow}]]>
    </line>
  </reporter-output>
  <suite name="WhatFix Test Suite" duration-ms="313458" started-at="2017-09-04T11:45:05Z" finished-at="2017-09-04T11:50:18Z">
    <groups>
      <group name="BasicTests">
        <method signature="WhatFixverifyTest.verifyLoginInvalidUser()[pri:0, instance:com.WhatFix.test.WhatFixverifyTest@2a5ca609]" name="verifyLoginInvalidUser" class="com.WhatFix.test.WhatFixverifyTest"/>
        <method signature="WhatFixverifyTest.verifyLoginValidUser()[pri:0, instance:com.WhatFix.test.WhatFixverifyTest@2a5ca609]" name="verifyLoginValidUser" class="com.WhatFix.test.WhatFixverifyTest"/>
      </group> <!-- BasicTests -->
    </groups>
    <test name="WhatFix Test" duration-ms="313458" started-at="2017-09-04T11:45:05Z" finished-at="2017-09-04T11:50:18Z">
      <class name="com.WhatFix.test.WhatFixverifyTest">
        <test-method status="PASS" signature="setup(java.lang.String)[pri:0, instance:com.WhatFix.test.WhatFixverifyTest@2a5ca609]" name="setup" is-config="true" duration-ms="58254" started-at="2017-09-04T17:15:05Z" finished-at="2017-09-04T17:16:03Z">
          <params>
            <param index="0">
              <value>
                <![CDATA[GC]]>
              </value>
            </param>
          </params>
          <reporter-output>
          </reporter-output>
        </test-method> <!-- setup -->
        <test-method status="PASS" signature="verifyLoginValidUser()[pri:0, instance:com.WhatFix.test.WhatFixverifyTest@2a5ca609]" name="verifyLoginValidUser" duration-ms="17364" started-at="2017-09-04T17:16:03Z" finished-at="2017-09-04T17:16:21Z">
          <reporter-output>
          </reporter-output>
        </test-method> <!-- verifyLoginValidUser -->
        <test-method status="PASS" signature="closeBrowser()[pri:0, instance:com.WhatFix.test.WhatFixverifyTest@2a5ca609]" name="closeBrowser" is-config="true" duration-ms="2328" started-at="2017-09-04T17:16:21Z" finished-at="2017-09-04T17:16:23Z">
          <reporter-output>
          </reporter-output>
        </test-method> <!-- closeBrowser -->
        <test-method status="PASS" signature="setup(java.lang.String)[pri:0, instance:com.WhatFix.test.WhatFixverifyTest@2a5ca609]" name="setup" is-config="true" duration-ms="49621" started-at="2017-09-04T17:16:23Z" finished-at="2017-09-04T17:17:12Z">
          <params>
            <param index="0">
              <value>
                <![CDATA[GC]]>
              </value>
            </param>
          </params>
          <reporter-output>
          </reporter-output>
        </test-method> <!-- setup -->
        <test-method status="FAIL" signature="verifyLoginInvalidUser()[pri:0, instance:com.WhatFix.test.WhatFixverifyTest@2a5ca609]" name="verifyLoginInvalidUser" duration-ms="185675" started-at="2017-09-04T17:17:12Z" finished-at="2017-09-04T17:20:18Z">
          <exception class="java.lang.Exception">
            <message>
              <![CDATA[Failed to Login
 landing page is displayed::falseTimed out after 100 seconds waiting for presence of element located by: By.xpath: //div[contains(text(),'invalid mail address/password')]
Build info: version: '2.53.0', revision: '35ae25b1534ae328c771e0856c93e187490ca824', time: '2016-03-15 10:43:46'
System info: host: 'BLRPRGGWN22980', ip: '10.140.45.103', os.name: 'Windows 7', os.arch: 'amd64', os.version: '6.1', java.version: '1.8.0_05'
Driver info: org.openqa.selenium.chrome.ChromeDriver
Capabilities [{applicationCacheEnabled=false, rotatable=false, mobileEmulationEnabled=false, networkConnectionEnabled=false, chrome={chromedriverVersion=2.28.455520 (cc17746adff54984afff480136733114c6b3704b), userDataDir=C:\Users\22980\AppData\Local\Temp\scoped_dir6204_23275}, takesHeapSnapshot=true, pageLoadStrategy=normal, databaseEnabled=false, handlesAlerts=true, hasTouchScreen=false, version=60.0.3112.113, platform=XP, browserConnectionEnabled=false, nativeEvents=true, acceptSslCerts=true, locationContextEnabled=true, webStorageEnabled=true, browserName=chrome, takesScreenshot=true, javascriptEnabled=true, cssSelectorsEnabled=true, unexpectedAlertBehaviour=}]
Session ID: c16238d6d83c4dae08d573d0b7402905]]>
            </message>
            <full-stacktrace>
              <![CDATA[java.lang.Exception: Failed to Login
 landing page is displayed::falseTimed out after 100 seconds waiting for presence of element located by: By.xpath: //div[contains(text(),'invalid mail address/password')]
Build info: version: '2.53.0', revision: '35ae25b1534ae328c771e0856c93e187490ca824', time: '2016-03-15 10:43:46'
System info: host: 'BLRPRGGWN22980', ip: '10.140.45.103', os.name: 'Windows 7', os.arch: 'amd64', os.version: '6.1', java.version: '1.8.0_05'
Driver info: org.openqa.selenium.chrome.ChromeDriver
Capabilities [{applicationCacheEnabled=false, rotatable=false, mobileEmulationEnabled=false, networkConnectionEnabled=false, chrome={chromedriverVersion=2.28.455520 (cc17746adff54984afff480136733114c6b3704b), userDataDir=C:\Users\22980\AppData\Local\Temp\scoped_dir6204_23275}, takesHeapSnapshot=true, pageLoadStrategy=normal, databaseEnabled=false, handlesAlerts=true, hasTouchScreen=false, version=60.0.3112.113, platform=XP, browserConnectionEnabled=false, nativeEvents=true, acceptSslCerts=true, locationContextEnabled=true, webStorageEnabled=true, browserName=chrome, takesScreenshot=true, javascriptEnabled=true, cssSelectorsEnabled=true, unexpectedAlertBehaviour=}]
Session ID: c16238d6d83c4dae08d573d0b7402905
	at com.WhatFix.test.WhatFixverifyTest.verifyLoginInvalidUser(WhatFixverifyTest.java:53)
	at sun.reflect.NativeMethodAccessorImpl.invoke0(Native Method)
	at sun.reflect.NativeMethodAccessorImpl.invoke(NativeMethodAccessorImpl.java:62)
	at sun.reflect.DelegatingMethodAccessorImpl.invoke(DelegatingMethodAccessorImpl.java:43)
	at java.lang.reflect.Method.invoke(Method.java:483)
	at org.testng.internal.MethodInvocationHelper.invokeMethod(MethodInvocationHelper.java:80)
	at org.testng.internal.Invoker.invokeMethod(Invoker.java:714)
	at org.testng.internal.Invoker.invokeTestMethod(Invoker.java:901)
	at org.testng.internal.Invoker.invokeTestMethods(Invoker.java:1231)
	at org.testng.internal.TestMethodWorker.invokeTestMethods(TestMethodWorker.java:127)
	at org.testng.internal.TestMethodWorker.run(TestMethodWorker.java:111)
	at org.testng.TestRunner.privateRun(TestRunner.java:767)
	at org.testng.TestRunner.run(TestRunner.java:617)
	at org.testng.SuiteRunner.runTest(SuiteRunner.java:334)
	at org.testng.SuiteRunner.runSequentially(SuiteRunner.java:329)
	at org.testng.SuiteRunner.privateRun(SuiteRunner.java:291)
	at org.testng.SuiteRunner.run(SuiteRunner.java:240)
	at org.testng.SuiteRunnerWorker.runSuite(SuiteRunnerWorker.java:52)
	at org.testng.SuiteRunnerWorker.run(SuiteRunnerWorker.java:86)
	at org.testng.TestNG.runSuitesSequentially(TestNG.java:1198)
	at org.testng.TestNG.runSuitesLocally(TestNG.java:1123)
	at org.testng.TestNG.run(TestNG.java:1031)
	at org.testng.remote.AbstractRemoteTestNG.run(AbstractRemoteTestNG.java:132)
	at org.testng.remote.RemoteTestNG.initAndRun(RemoteTestNG.java:230)
	at org.testng.remote.RemoteTestNG.main(RemoteTestNG.java:76)
]]>
            </full-stacktrace>
          </exception> <!-- java.lang.Exception -->
          <reporter-output>
            <line>
              <![CDATA[There was an issue in finding the webelement, class org.openqa.selenium.By$ByIdno such element: Unable to locate element: {"method":"id","selector":"plus_flow"}
  (Session info: chrome=60.0.3112.113)
  (Driver info: chromedriver=2.28.455520 (cc17746adff54984afff480136733114c6b3704b),platform=Windows NT 6.1.7601 SP1 x86_64) (WARNING: The server did not provide any stacktrace information)
Command duration or timeout: 30.09 seconds
For documentation on this error, please visit: http://seleniumhq.org/exceptions/no_such_element.html
Build info: version: '2.53.0', revision: '35ae25b1534ae328c771e0856c93e187490ca824', time: '2016-03-15 10:43:46'
System info: host: 'BLRPRGGWN22980', ip: '10.140.45.103', os.name: 'Windows 7', os.arch: 'amd64', os.version: '6.1', java.version: '1.8.0_05'
Driver info: org.openqa.selenium.chrome.ChromeDriver
Capabilities [{applicationCacheEnabled=false, rotatable=false, mobileEmulationEnabled=false, networkConnectionEnabled=false, chrome={chromedriverVersion=2.28.455520 (cc17746adff54984afff480136733114c6b3704b), userDataDir=C:\Users\22980\AppData\Local\Temp\scoped_dir6204_23275}, takesHeapSnapshot=true, pageLoadStrategy=normal, databaseEnabled=false, handlesAlerts=true, hasTouchScreen=false, version=60.0.3112.113, platform=XP, browserConnectionEnabled=false, nativeEvents=true, acceptSslCerts=true, locationContextEnabled=true, webStorageEnabled=true, browserName=chrome, takesScreenshot=true, javascriptEnabled=true, cssSelectorsEnabled=true, unexpectedAlertBehaviour=}]
Session ID: c16238d6d83c4dae08d573d0b7402905
*** Element info: {Using=id, value=plus_flow}]]>
            </line>
          </reporter-output>
        </test-method> <!-- verifyLoginInvalidUser -->
        <test-method status="PASS" signature="closeBrowser()[pri:0, instance:com.WhatFix.test.WhatFixverifyTest@2a5ca609]" name="closeBrowser" is-config="true" duration-ms="190" started-at="2017-09-04T17:20:18Z" finished-at="2017-09-04T17:20:18Z">
          <reporter-output>
          </reporter-output>
        </test-method> <!-- closeBrowser -->
        <test-method status="PASS" signature="tearDown()[pri:0, instance:com.WhatFix.test.WhatFixverifyTest@2a5ca609]" name="tearDown" is-config="true" duration-ms="0" started-at="2017-09-04T17:20:18Z" finished-at="2017-09-04T17:20:18Z">
          <reporter-output>
          </reporter-output>
        </test-method> <!-- tearDown -->
      </class> <!-- com.WhatFix.test.WhatFixverifyTest -->
    </test> <!-- WhatFix Test -->
  </suite> <!-- WhatFix Test Suite -->
</testng-results>
